<?xml version="1.0" encoding="UTF-8"?>
<!-- Generated by org.testng.reporters.JUnitReportReporter -->
<testsuite hostname="dharmeshs-air.lan" name="com.automation.appium.test.TestAppium" tests="1" failures="0" timestamp="6 Jul 2014 16:08:22 GMT" time="20.173" errors="0">
  <testcase name="testDeviceInformation" time="20.173" classname="com.automation.appium.test.TestAppium"/>
</testsuite> <!-- com.automation.appium.test.TestAppium -->
